android/vision-quickstart/app/build/intermediates/manifest_merge_blame_file/release/manifest-merger-blame-release-report.txt
1<?xml version="1.0" encoding="utf-8"?>
2<manifest xmlns:android="http://schemas.android.com/apk/res/android"
3    package="com.google.mlkit.vision.demo"
4    android:installLocation="auto"
5    android:versionCode="11"
6    android:versionName="1.11" >
7    <!--
8 CameraX libraries require minSdkVersion 21, while this quickstart app
9    supports low to 16. Needs to use overrideLibrary to make the merger tool
10    ignore this conflict and import the libraries while keeping the app's lower
11    minSdkVersion value. In code, will check SDK version, before calling CameraX
12    APIs.
13    -->
14    <uses-sdk
14-->src/main/AndroidManifest.xml:12:5-15:63
15        android:minSdkVersion="16"
15-->src/main/AndroidManifest.xml:12:5-15:63
16        android:targetSdkVersion="30" />
16-->src/main/AndroidManifest.xml:12:5-15:63
17
18    <uses-feature android:name="android.hardware.camera" />
18-->src/main/AndroidManifest.xml:17:5-59
18-->src/main/AndroidManifest.xml:17:19-57
19
20    <uses-permission android:name="android.permission.INTERNET" />
20-->src/main/AndroidManifest.xml:19:5-66
20-->src/main/AndroidManifest.xml:19:22-64
21    <uses-permission android:name="android.permission.WRITE_EXTERNAL_STORAGE" />
21-->src/main/AndroidManifest.xml:20:5-80
21-->src/main/AndroidManifest.xml:20:22-78
22    <uses-permission android:name="android.permission.READ_EXTERNAL_STORAGE" />
22-->src/main/AndroidManifest.xml:21:5-79
22-->src/main/AndroidManifest.xml:21:22-77
23    <uses-permission android:name="android.permission.CAMERA" />
23-->src/main/AndroidManifest.xml:22:5-64
23-->src/main/AndroidManifest.xml:22:22-62
24
25    <queries>
25-->src/main/AndroidManifest.xml:113:5-117:15
26        <intent>
26-->src/main/AndroidManifest.xml:114:9-116:18
27            <action android:name="android.media.action.IMAGE_CAPTURE" />
27-->src/main/AndroidManifest.xml:115:13-73
27-->src/main/AndroidManifest.xml:115:21-70
28        </intent>
29    </queries>
30
31    <!-- Although the *SdkVersion is captured in gradle build files, this is required for non gradle builds -->
32    <!-- <uses-sdk android:minSdkVersion="14"/> -->
33    <uses-permission android:name="android.permission.ACCESS_NETWORK_STATE" />
33-->[com.google.android.datatransport:transport-backend-cct:2.3.3] AndroidManifest.xml:25:5-79
33-->[com.google.android.datatransport:transport-backend-cct:2.3.3] AndroidManifest.xml:25:22-76
34
35    <application
35-->src/main/AndroidManifest.xml:24:5-112:19
36        android:name="androidx.multidex.MultiDexApplication"
36-->src/main/AndroidManifest.xml:25:9-61
37        android:appComponentFactory="androidx.core.app.CoreComponentFactory"
37-->[androidx.core:core:1.5.0] AndroidManifest.xml:24:18-86
38        android:icon="@drawable/logo_mlkit"
38-->src/main/AndroidManifest.xml:26:9-44
39        android:label="@string/app_name"
39-->src/main/AndroidManifest.xml:27:9-41
40        android:theme="@style/Theme.AppCompat" >
40-->src/main/AndroidManifest.xml:28:9-47
41        <meta-data
41-->src/main/AndroidManifest.xml:30:9-32:68
42            android:name="com.google.android.gms.version"
42-->src/main/AndroidManifest.xml:31:13-58
43            android:value="@integer/google_play_services_version" />
43-->src/main/AndroidManifest.xml:32:13-66
44
45        <!--
46          Optional: Add it to automatically download ML model to device after
47          your app is installed.
48        -->
49        <meta-data
49-->src/main/AndroidManifest.xml:36:9-38:62
50            android:name="com.google.mlkit.vision.DEPENDENCIES"
50-->src/main/AndroidManifest.xml:37:13-64
51            android:value="barcode,face,ocr,ica,custom_ica" />
51-->src/main/AndroidManifest.xml:38:13-60
52
53        <activity
53-->src/main/AndroidManifest.xml:40:9-48:20
54            android:name="com.google.mlkit.vision.demo.EntryChoiceActivity"
54-->src/main/AndroidManifest.xml:41:13-48
55            android:exported="true"
55-->src/main/AndroidManifest.xml:42:13-36
56            android:theme="@style/AppTheme" >
56-->src/main/AndroidManifest.xml:43:13-44
57            <intent-filter>
57-->src/main/AndroidManifest.xml:44:13-47:29
58                <action android:name="android.intent.action.MAIN" />
58-->src/main/AndroidManifest.xml:45:17-68
58-->src/main/AndroidManifest.xml:45:25-66
59
60                <category android:name="android.intent.category.LAUNCHER" />
60-->src/main/AndroidManifest.xml:46:17-76
60-->src/main/AndroidManifest.xml:46:27-74
61            </intent-filter>
62        </activity>
63        <activity
63-->src/main/AndroidManifest.xml:50:9-53:20
64            android:name="com.google.mlkit.vision.demo.java.ChooserActivity"
64-->src/main/AndroidManifest.xml:51:13-49
65            android:exported="true" >
65-->src/main/AndroidManifest.xml:52:13-36
66        </activity>
67        <activity
67-->src/main/AndroidManifest.xml:55:9-59:20
68            android:name="com.google.mlkit.vision.demo.java.LivePreviewActivity"
68-->src/main/AndroidManifest.xml:56:13-53
69            android:exported="true"
69-->src/main/AndroidManifest.xml:57:13-36
70            android:theme="@style/AppTheme" >
70-->src/main/AndroidManifest.xml:58:13-44
71        </activity>
72        <activity
72-->src/main/AndroidManifest.xml:61:9-65:20
73            android:name="com.google.mlkit.vision.demo.java.CameraXLivePreviewActivity"
73-->src/main/AndroidManifest.xml:62:13-60
74            android:exported="true"
74-->src/main/AndroidManifest.xml:63:13-36
75            android:theme="@style/AppTheme" >
75-->src/main/AndroidManifest.xml:64:13-44
76        </activity>
77        <activity
77-->src/main/AndroidManifest.xml:67:9-71:20
78            android:name="com.google.mlkit.vision.demo.java.CameraXSourceDemoActivity"
78-->src/main/AndroidManifest.xml:68:13-59
79            android:exported="true"
79-->src/main/AndroidManifest.xml:69:13-36
80            android:theme="@style/AppTheme" >
80-->src/main/AndroidManifest.xml:70:13-44
81        </activity>
82        <activity
82-->src/main/AndroidManifest.xml:73:9-77:20
83            android:name="com.google.mlkit.vision.demo.java.StillImageActivity"
83-->src/main/AndroidManifest.xml:74:13-52
84            android:exported="true"
84-->src/main/AndroidManifest.xml:75:13-36
85            android:theme="@style/AppTheme" >
85-->src/main/AndroidManifest.xml:76:13-44
86        </activity>
87        <activity
87-->src/main/AndroidManifest.xml:79:9-82:20
88            android:name="com.google.mlkit.vision.demo.kotlin.ChooserActivity"
88-->src/main/AndroidManifest.xml:80:13-51
89            android:exported="true" >
89-->src/main/AndroidManifest.xml:81:13-36
90        </activity>
91        <activity
91-->src/main/AndroidManifest.xml:84:9-88:20
92            android:name="com.google.mlkit.vision.demo.kotlin.LivePreviewActivity"
92-->src/main/AndroidManifest.xml:85:13-55
93            android:exported="true"
93-->src/main/AndroidManifest.xml:86:13-36
94            android:theme="@style/AppTheme" >
94-->src/main/AndroidManifest.xml:87:13-44
95        </activity>
96        <activity
96-->src/main/AndroidManifest.xml:90:9-94:20
97            android:name="com.google.mlkit.vision.demo.kotlin.CameraXLivePreviewActivity"
97-->src/main/AndroidManifest.xml:91:13-62
98            android:exported="true"
98-->src/main/AndroidManifest.xml:92:13-36
99            android:theme="@style/AppTheme" >
99-->src/main/AndroidManifest.xml:93:13-44
100        </activity>
101        <activity
101-->src/main/AndroidManifest.xml:96:9-100:20
102            android:name="com.google.mlkit.vision.demo.kotlin.CameraXSourceDemoActivity"
102-->src/main/AndroidManifest.xml:97:13-61
103            android:exported="true"
103-->src/main/AndroidManifest.xml:98:13-36
104            android:theme="@style/AppTheme" >
104-->src/main/AndroidManifest.xml:99:13-44
105        </activity>
106        <activity
106-->src/main/AndroidManifest.xml:102:9-106:20
107            android:name="com.google.mlkit.vision.demo.kotlin.StillImageActivity"
107-->src/main/AndroidManifest.xml:103:13-54
108            android:exported="true"
108-->src/main/AndroidManifest.xml:104:13-36
109            android:theme="@style/AppTheme" >
109-->src/main/AndroidManifest.xml:105:13-44
110        </activity>
111        <activity
111-->src/main/AndroidManifest.xml:108:9-110:39
112            android:name="com.google.mlkit.vision.demo.preference.SettingsActivity"
112-->src/main/AndroidManifest.xml:109:13-56
113            android:exported="false" />
113-->src/main/AndroidManifest.xml:110:13-37
114
115        <service
115-->[com.google.mlkit:object-detection:16.2.7] AndroidManifest.xml:8:9-14:19
116            android:name="com.google.mlkit.common.internal.MlKitComponentDiscoveryService"
116-->[com.google.mlkit:object-detection:16.2.7] AndroidManifest.xml:9:13-91
117            android:directBootAware="true"
117-->[com.google.mlkit:common:17.4.0] AndroidManifest.xml:17:13-43
118            android:exported="false" >
118-->[com.google.mlkit:object-detection:16.2.7] AndroidManifest.xml:10:13-37
119            <meta-data
119-->[com.google.mlkit:object-detection:16.2.7] AndroidManifest.xml:11:13-13:85
120                android:name="com.google.firebase.components:com.google.mlkit.vision.objects.defaults.internal.DefaultObjectsRegistrar"
120-->[com.google.mlkit:object-detection:16.2.7] AndroidManifest.xml:12:17-136
121                android:value="com.google.firebase.components.ComponentRegistrar" />
121-->[com.google.mlkit:object-detection:16.2.7] AndroidManifest.xml:13:17-82
122            <meta-data
122-->[com.google.mlkit:object-detection-custom:16.3.3] AndroidManifest.xml:11:13-13:85
123                android:name="com.google.firebase.components:com.google.mlkit.vision.objects.custom.internal.CustomObjectsRegistrar"
123-->[com.google.mlkit:object-detection-custom:16.3.3] AndroidManifest.xml:12:17-133
124                android:value="com.google.firebase.components.ComponentRegistrar" />
124-->[com.google.mlkit:object-detection-custom:16.3.3] AndroidManifest.xml:13:17-82
125            <meta-data
125-->[com.google.mlkit:image-labeling:17.0.5] AndroidManifest.xml:11:13-13:85
126                android:name="com.google.firebase.components:com.google.mlkit.vision.label.defaults.internal.BundledLabelRegistrar"
126-->[com.google.mlkit:image-labeling:17.0.5] AndroidManifest.xml:12:17-132
127                android:value="com.google.firebase.components.ComponentRegistrar" />
127-->[com.google.mlkit:image-labeling:17.0.5] AndroidManifest.xml:13:17-82
128            <meta-data
128-->[com.google.mlkit:image-labeling-custom:16.3.1] AndroidManifest.xml:11:13-13:85
129                android:name="com.google.firebase.components:com.google.mlkit.vision.label.custom.internal.CustomLabelRegistrar"
129-->[com.google.mlkit:image-labeling-custom:16.3.1] AndroidManifest.xml:12:17-129
130                android:value="com.google.firebase.components.ComponentRegistrar" />
130-->[com.google.mlkit:image-labeling-custom:16.3.1] AndroidManifest.xml:13:17-82
131            <meta-data
131-->[com.google.mlkit:segmentation-selfie:16.0.0-beta2] AndroidManifest.xml:12:13-14:85
132                android:name="com.google.firebase.components:com.google.mlkit.vision.segmentation.internal.SegmentationRegistrar"
132-->[com.google.mlkit:segmentation-selfie:16.0.0-beta2] AndroidManifest.xml:13:17-130
133                android:value="com.google.firebase.components.ComponentRegistrar" />
133-->[com.google.mlkit:segmentation-selfie:16.0.0-beta2] AndroidManifest.xml:14:17-82
134            <meta-data
134-->[com.google.android.gms:play-services-mlkit-barcode-scanning:16.2.1] AndroidManifest.xml:12:13-14:85
135                android:name="com.google.firebase.components:com.google.mlkit.vision.barcode.internal.BarcodeRegistrar"
135-->[com.google.android.gms:play-services-mlkit-barcode-scanning:16.2.1] AndroidManifest.xml:13:17-120
136                android:value="com.google.firebase.components.ComponentRegistrar" />
136-->[com.google.android.gms:play-services-mlkit-barcode-scanning:16.2.1] AndroidManifest.xml:14:17-82
137            <meta-data
137-->[com.google.mlkit:vision-internal-vkp:18.2.0] AndroidManifest.xml:11:13-13:85
138                android:name="com.google.firebase.components:com.google.mlkit.vision.vkp.VkpRegistrar"
138-->[com.google.mlkit:vision-internal-vkp:18.2.0] AndroidManifest.xml:12:17-103
139                android:value="com.google.firebase.components.ComponentRegistrar" />
139-->[com.google.mlkit:vision-internal-vkp:18.2.0] AndroidManifest.xml:13:17-82
140            <meta-data
140-->[com.google.android.gms:play-services-mlkit-face-detection:16.2.0] AndroidManifest.xml:12:13-14:85
141                android:name="com.google.firebase.components:com.google.mlkit.vision.face.internal.FaceRegistrar"
141-->[com.google.android.gms:play-services-mlkit-face-detection:16.2.0] AndroidManifest.xml:13:17-114
142                android:value="com.google.firebase.components.ComponentRegistrar" />
142-->[com.google.android.gms:play-services-mlkit-face-detection:16.2.0] AndroidManifest.xml:14:17-82
143            <meta-data
143-->[com.google.android.gms:play-services-mlkit-text-recognition-common:16.0.0] AndroidManifest.xml:12:13-14:85
144                android:name="com.google.firebase.components:com.google.mlkit.vision.text.internal.TextRegistrar"
144-->[com.google.android.gms:play-services-mlkit-text-recognition-common:16.0.0] AndroidManifest.xml:13:17-114
145                android:value="com.google.firebase.components.ComponentRegistrar" />
145-->[com.google.android.gms:play-services-mlkit-text-recognition-common:16.0.0] AndroidManifest.xml:14:17-82
146            <meta-data
146-->[com.google.mlkit:pose-detection-common:17.1.0-beta5] AndroidManifest.xml:11:13-13:85
147                android:name="com.google.firebase.components:com.google.mlkit.vision.pose.internal.PoseRegistrar"
147-->[com.google.mlkit:pose-detection-common:17.1.0-beta5] AndroidManifest.xml:12:17-114
148                android:value="com.google.firebase.components.ComponentRegistrar" />
148-->[com.google.mlkit:pose-detection-common:17.1.0-beta5] AndroidManifest.xml:13:17-82
149            <meta-data
149-->[com.google.mlkit:vision-common:16.6.0] AndroidManifest.xml:12:13-14:85
150                android:name="com.google.firebase.components:com.google.mlkit.vision.common.internal.VisionCommonRegistrar"
150-->[com.google.mlkit:vision-common:16.6.0] AndroidManifest.xml:13:17-124
151                android:value="com.google.firebase.components.ComponentRegistrar" />
151-->[com.google.mlkit:vision-common:16.6.0] AndroidManifest.xml:14:17-82
152            <meta-data
152-->[com.google.mlkit:common:17.4.0] AndroidManifest.xml:20:13-22:85
153                android:name="com.google.firebase.components:com.google.mlkit.common.internal.CommonComponentRegistrar"
153-->[com.google.mlkit:common:17.4.0] AndroidManifest.xml:21:17-120
154                android:value="com.google.firebase.components.ComponentRegistrar" />
154-->[com.google.mlkit:common:17.4.0] AndroidManifest.xml:22:17-82
155        </service>
156        <service
156-->[androidx.camera:camera-camera2:1.1.0-alpha10] AndroidManifest.xml:26:9-35:19
157            android:name="androidx.camera.core.impl.MetadataHolderService"
157-->[androidx.camera:camera-camera2:1.1.0-alpha10] AndroidManifest.xml:27:13-75
158            android:enabled="false"
158-->[androidx.camera:camera-camera2:1.1.0-alpha10] AndroidManifest.xml:28:13-36
159            android:exported="false" >
159-->[androidx.camera:camera-camera2:1.1.0-alpha10] AndroidManifest.xml:29:13-37
160            <meta-data
160-->[androidx.camera:camera-camera2:1.1.0-alpha10] AndroidManifest.xml:32:13-34:89
161                android:name="androidx.camera.core.impl.MetadataHolderService.DEFAULT_CONFIG_PROVIDER"
161-->[androidx.camera:camera-camera2:1.1.0-alpha10] AndroidManifest.xml:33:17-103
162                android:value="androidx.camera.camera2.Camera2Config$DefaultProvider" />
162-->[androidx.camera:camera-camera2:1.1.0-alpha10] AndroidManifest.xml:34:17-86
163        </service>
164
165        <provider
165-->[com.google.mlkit:common:17.4.0] AndroidManifest.xml:9:9-13:38
166            android:name="com.google.mlkit.common.internal.MlKitInitProvider"
166-->[com.google.mlkit:common:17.4.0] AndroidManifest.xml:10:13-78
167            android:authorities="com.google.mlkit.vision.demo.mlkitinitprovider"
167-->[com.google.mlkit:common:17.4.0] AndroidManifest.xml:11:13-69
168            android:exported="false"
168-->[com.google.mlkit:common:17.4.0] AndroidManifest.xml:12:13-37
169            android:initOrder="99" />
169-->[com.google.mlkit:common:17.4.0] AndroidManifest.xml:13:13-35
170
171        <activity
171-->[com.google.android.gms:play-services-base:17.6.0] AndroidManifest.xml:23:9-26:75
172            android:name="com.google.android.gms.common.api.GoogleApiActivity"
172-->[com.google.android.gms:play-services-base:17.6.0] AndroidManifest.xml:24:13-79
173            android:exported="false"
173-->[com.google.android.gms:play-services-base:17.6.0] AndroidManifest.xml:25:13-37
174            android:theme="@android:style/Theme.Translucent.NoTitleBar" />
174-->[com.google.android.gms:play-services-base:17.6.0] AndroidManifest.xml:26:13-72
175
176        <service
176-->[com.google.android.datatransport:transport-backend-cct:2.3.3] AndroidManifest.xml:29:9-35:19
177            android:name="com.google.android.datatransport.runtime.backends.TransportBackendDiscovery"
177-->[com.google.android.datatransport:transport-backend-cct:2.3.3] AndroidManifest.xml:30:13-103
178            android:exported="false" >
178-->[com.google.android.datatransport:transport-backend-cct:2.3.3] AndroidManifest.xml:31:13-37
179            <meta-data
179-->[com.google.android.datatransport:transport-backend-cct:2.3.3] AndroidManifest.xml:32:13-34:39
180                android:name="backend:com.google.android.datatransport.cct.CctBackendFactory"
180-->[com.google.android.datatransport:transport-backend-cct:2.3.3] AndroidManifest.xml:33:17-94
181                android:value="cct" />
181-->[com.google.android.datatransport:transport-backend-cct:2.3.3] AndroidManifest.xml:34:17-36
182        </service>
183        <service
183-->[com.google.android.datatransport:transport-runtime:2.2.6] AndroidManifest.xml:26:9-30:19
184            android:name="com.google.android.datatransport.runtime.scheduling.jobscheduling.JobInfoSchedulerService"
184-->[com.google.android.datatransport:transport-runtime:2.2.6] AndroidManifest.xml:27:13-117
185            android:exported="false"
185-->[com.google.android.datatransport:transport-runtime:2.2.6] AndroidManifest.xml:28:13-37
186            android:permission="android.permission.BIND_JOB_SERVICE" >
186-->[com.google.android.datatransport:transport-runtime:2.2.6] AndroidManifest.xml:29:13-69
187        </service>
188
189        <receiver
189-->[com.google.android.datatransport:transport-runtime:2.2.6] AndroidManifest.xml:32:9-34:40
190            android:name="com.google.android.datatransport.runtime.scheduling.jobscheduling.AlarmManagerSchedulerBroadcastReceiver"
190-->[com.google.android.datatransport:transport-runtime:2.2.6] AndroidManifest.xml:33:13-132
191            android:exported="false" />
191-->[com.google.android.datatransport:transport-runtime:2.2.6] AndroidManifest.xml:34:13-37
192
193        <provider
193-->[androidx.lifecycle:lifecycle-process:2.1.0] AndroidManifest.xml:23:9-27:43
194            android:name="androidx.lifecycle.ProcessLifecycleOwnerInitializer"
194-->[androidx.lifecycle:lifecycle-process:2.1.0] AndroidManifest.xml:24:13-79
195            android:authorities="com.google.mlkit.vision.demo.lifecycle-process"
195-->[androidx.lifecycle:lifecycle-process:2.1.0] AndroidManifest.xml:25:13-69
196            android:exported="false"
196-->[androidx.lifecycle:lifecycle-process:2.1.0] AndroidManifest.xml:26:13-37
197            android:multiprocess="true" />
197-->[androidx.lifecycle:lifecycle-process:2.1.0] AndroidManifest.xml:27:13-40
198    </application>
199
200</manifest>